2025-03-23T19:05:48 | touched: README.md
2025-01-20T10:56:31 | touched: Cargo.toml
2026-01-03T17:21:04 | touched: Cargo.toml
2026-01-12T02:48:12 | touched: src/main.rs
2025-09-21T21:06:17 | touched: src/lib.rs
2026-01-08T20:34:49 | touched: src/main.rs
2025-07-04T22:04:34 | touched: LICENSE
2025-02-21T09:46:48 | touched: README.md
2025-08-04T07:23:29 | touched: src/lib.rs
2025-05-29T12:49:16 | touched: src/main.rs
2025-08-20T07:49:29 | touched: src/main.rs
2025-02-15T09:52:52 | touched: src/main.rs
2025-03-12T05:45:01 | touched: LICENSE
2025-04-19T13:56:04 | touched: README.md
2025-03-08T03:02:11 | touched: src/main.rs
2025-03-01T19:43:23 | touched: src/main.rs
2025-11-04T15:08:51 | touched: LICENSE
2025-12-21T12:42:17 | touched: Cargo.toml
2025-07-14T05:27:48 | touched: LICENSE
2025-08-07T20:59:31 | touched: README.md
2025-05-07T04:16:27 | touched: src/lib.rs
2025-02-03T10:17:42 | touched: src/lib.rs
2025-07-18T07:55:54 | touched: LICENSE
2025-11-27T04:00:59 | touched: LICENSE
